Build started 4/27/2021 2:25:48 PM.
     1>Project "C:\Users\Timothy Do\git\quake2-full\ref_soft\ref_soft.vcxproj" on node 2 (Build target(s)).
     1>CustomBuild:
         Microsoft (R) Macro Assembler Version 12.00.21005.1
         Copyright (C) Microsoft Corporation.  All rights reserved.
         
         Performing Custom Build Tools
          Assembling: C:\Users\Timothy
     1>MASM : fatal error A1000: cannot open file : C:\Users\Timothy
         Performing Custom Build Tools
          Assembling: C:\Users\Timothy
     1>MASM : fatal error A1000: cannot open file : C:\Users\Timothy
         Microsoft (R) Macro Assembler Version 12.00.21005.1
         Copyright (C) Microsoft Corporation.  All rights reserved.
         
         Performing Custom Build Tools
          Assembling: C:\Users\Timothy
     1>MASM : fatal error A1000: cannot open file : C:\Users\Timothy
         Microsoft (R) Macro Assembler Version 12.00.21005.1
         Copyright (C) Microsoft Corporation.  All rights reserved.
         
         Performing Custom Build Tools
          Assembling: C:\Users\Timothy
     1>MASM : fatal error A1000: cannot open file : C:\Users\Timothy
         Microsoft (R) Macro Assembler Version 12.00.21005.1
         Copyright (C) Microsoft Corporation.  All rights reserved.
         
         Performing Custom Build Tools
         Microsoft (R) Macro Assembler Version 12.00.21005.1
         Copyright (C) Microsoft Corporation.  All rights reserved.
         
         Microsoft (R) Macro Assembler Version 12.00.21005.1
         Copyright (C) Microsoft Corporation.  All rights reserved.
         
         Microsoft (R) Macro Assembler Version 12.00.21005.1
         Copyright (C) Microsoft Corporation.  All rights reserved.
         
         Microsoft (R) Macro Assembler Version 12.00.21005.1
         Copyright (C) Microsoft Corporation.  All rights reserved.
         
         Microsoft (R) Macro Assembler Version 12.00.21005.1
         Copyright (C) Microsoft Corporation.  All rights reserved.
         
          Assembling: C:\Users\Timothy
     1>MASM : fatal error A1000: cannot open file : C:\Users\Timothy
         Performing Custom Build Tools
          Assembling: C:\Users\Timothy
     1>MASM : fatal error A1000: cannot open file : C:\Users\Timothy
         Performing Custom Build Tools
          Assembling: C:\Users\Timothy
     1>MASM : fatal error A1000: cannot open file : C:\Users\Timothy
         Performing Custom Build Tools
          Assembling: C:\Users\Timothy
     1>MASM : fatal error A1000: cannot open file : C:\Users\Timothy
         Performing Custom Build Tools
          Assembling: C:\Users\Timothy
     1>MASM : fatal error A1000: cannot open file : C:\Users\Timothy
     1>Done Building Project "C:\Users\Timothy Do\git\quake2-full\ref_soft\ref_soft.vcxproj" (Build target(s)) -- FAILED.

Build FAILED.

Time Elapsed 00:00:01.93
